<?xml version="1.0" encoding="UTF-8"?>
<!-- Generated by org.testng.reporters.JUnitReportReporter -->
<testsuite skipped="1" hostname="DESKTOP-QSM6I7U" name="runner.RunHonda" tests="1" failures="0" timestamp="2020-06-23T13:51:14 IST" time="0.695" errors="0">
  <testcase name="runScenario" time="0.695" classname="runner.RunHonda">
    <skipped/>
  </testcase> <!-- runScenario -->
</testsuite> <!-- runner.RunHonda -->
