<?xml version="1.0" encoding="UTF-8"?>
<!-- Generated by org.testng.reporters.JUnitReportReporter -->
<testsuite skipped="0" hostname="DESKTOP-QSM6I7U" name="testngpractice.NewTest" tests="10" failures="0" timestamp="2020-07-29T12:35:12 IST" time="0.034" errors="0">
  <testcase name="function1" time="0.017" classname="testngpractice.NewTest"/>
  <testcase name="function4" time="0.002" classname="testngpractice.NewTest"/>
  <testcase name="function6" time="0.002" classname="testngpractice.NewTest"/>
  <testcase name="function3" time="0.002" classname="testngpractice.NewTest"/>
  <testcase name="function3" time="0.002" classname="testngpractice.NewTest"/>
  <testcase name="function3" time="0.002" classname="testngpractice.NewTest"/>
  <testcase name="function3" time="0.002" classname="testngpractice.NewTest"/>
  <testcase name="function3" time="0.002" classname="testngpractice.NewTest"/>
  <testcase name="function2" time="0.001" classname="testngpractice.NewTest"/>
  <testcase name="function5" time="0.002" classname="testngpractice.NewTest"/>
</testsuite> <!-- testngpractice.NewTest -->
