<?xml version="1.0" encoding="UTF-8"?>
<!-- Generated by org.testng.reporters.JUnitReportReporter -->
<testsuite skipped="0" hostname="DESKTOP-QSM6I7U" name="runner.JustDailRun" tests="1" failures="0" timestamp="2020-06-20T09:58:34 IST" time="80.626" errors="0">
  <testcase name="runScenario" time="80.626" classname="runner.JustDailRun"/>
</testsuite> <!-- runner.JustDailRun -->
